{
  "0 debug pnpm:scope": {
    "selected": 1,
    "workspacePrefix": "D:\\web\\vue\\unitify"
  },
  "1 error pnpm": {
    "errno": 1,
    "code": "ELIFECYCLE",
    "pkgid": "@unitify/docs@1.0.0",
    "stage": "dev",
    "script": "vuepress dev docs",
    "pkgname": "@unitify/docs",
    "err": {
      "name": "pnpm",
      "message": "@unitify/docs@1.0.0 dev: `vuepress dev docs`\nExit status 1",
      "code": "ELIFECYCLE",
      "stack": "pnpm: @unitify/docs@1.0.0 dev: `vuepress dev docs`\nExit status 1\n    at EventEmitter.<anonymous> (C:\\Users\\coder\\AppData\\Roaming\\npm\\pnpm-global\\5\\node_modules\\.pnpm\\pnpm@6.32.9\\node_modules\\pnpm\\dist\\pnpm.cjs:105830:20)\n    at EventEmitter.emit (node:events:390:28)\n    at ChildProcess.<anonymous> (C:\\Users\\coder\\AppData\\Roaming\\npm\\pnpm-global\\5\\node_modules\\.pnpm\\pnpm@6.32.9\\node_modules\\pnpm\\dist\\pnpm.cjs:92391:18)\n    at ChildProcess.emit (node:events:390:28)\n    at maybeClose (node:internal/child_process:1064:16)\n    at Process.ChildProcess._handle.onexit (node:internal/child_process:301:5)"
    }
  }
}